
> flask-jwt-auth-frontend@1.0.0 build
> tsc && vite build

pages/Agent.tsx(14,12): error TS6133: 'isLoading' is declared but its value is never read.
pages/Agent.tsx(15,12): error TS6133: 'allProcesses' is declared but its value is never read.
pages/Agent.tsx(16,12): error TS6133: 'showProcessesList' is declared but its value is never read.
pages/Agent.tsx(16,31): error TS6133: 'setShowProcessesList' is declared but its value is never read.
pages/Agent.tsx(21,12): error TS6133: 'message' is declared but its value is never read.
pages/AgentTasks.tsx(5,104): error TS6133: 'ExternalLink' is declared but its value is never read.
pages/AgentTasks.tsx(18,24): error TS6133: 'tasksRes' is declared but its value is never read.
pages/Billing.tsx(6,11): error TS6133: 'user' is declared but its value is never read.
pages/CrossReference.tsx(32,26): error TS6133: 'setIsProcessing' is declared but its value is never read.
services/api.ts(54,5): error TS6133: 'csrfTokenValidated' is declared but its value is never read.
